#
# An unexpected error has been detected by Java Runtime Environment:
#
#  EXCEPTION_ACCESS_VIOLATION (0xc0000005) at pc=0x78e37856, pid=4480, tid=4588
#
# Java VM: Java HotSpot(TM) Client VM (11.2-b01 mixed mode windows-x86)
# Problematic frame:
# C  [hg.dll+0x217856]
#
# If you would like to submit a bug report, please visit:
#   http://java.sun.com/webapps/bugreport/crash.jsp
# The crash happened outside the Java Virtual Machine in native code.
# See problematic frame for where to report the bug.
#

---------------  T H R E A D  ---------------

Current thread (0x07551400):  JavaThread "main" [_thread_in_native, id=4588, stack(0x00440000,0x00c40000)]

siginfo: ExceptionCode=0xc0000005, reading address 0x00000128

Registers:
EAX=0x00000000, EBX=0x00c3844f, ECX=0x010d07d0, EDX=0x00000000
ESP=0x00c38400, EBP=0x00c38400, ESI=0x78ed39e4, EDI=0x00c38444
EIP=0x78e37856, EFLAGS=0x00010246

Top of Stack: (sp=0x00c38400)
0x00c38400:   00c38418 78e47dc2 00000000 00000000
0x00c38410:   00000000 7b2c8ef0 00c38450 78e47f85
0x00c38420:   00000000 78ed39e4 00c38440 00c38444
0x00c38430:   00c3844f 00c38448 00000000 245c9928
0x00c38440:   78ed39e4 00000000 00000000 00000001
0x00c38450:   00c38470 78df3949 00000000 78ed39e4
0x00c38460:   245c9928 00e55340 00e6efc0 00000000
0x00c38470:   00c3848c 78df39c3 04c455d8 7c0883ec 

Instructions: (pc=0x78e37856)
0x78e37846:   8b 80 90 01 00 00 5d c3 cc cc 55 8b ec 8b 45 08
0x78e37856:   8b 80 28 01 00 00 5d c3 cc cc 55 8b ec 8b 55 08 


Stack: [0x00440000,0x00c40000],  sp=0x00c38400,  free space=8161k
Native frames: (J=compiled Java code, j=interpreted, Vv=VM code, C=native code)
C  [hg.dll+0x217856]
C  [hg.dll+0x227dc2]
C  [hg.dll+0x227f85]
C  [hg.dll+0x1d3949]
C  [hg.dll+0x1d39c3]
C  [uiw.dll+0x3ecae]
C  [mcr.dll+0x34162]
C  [mcr.dll+0x3453e]
C  [m_dispatcher.dll+0x780c]
C  [m_dispatcher.dll+0x7691]
C  [m_dispatcher.dll+0x4b02]
C  [m_dispatcher.dll+0x780c]
C  [m_dispatcher.dll+0x7691]
C  [m_interpreter.dll+0xa44c4]
C  [m_interpreter.dll+0x9ecc8]
C  [m_interpreter.dll+0xbf264]
C  [nativejmi.dll+0x2dd2]
C  [nativejmi.dll+0x3b15]
C  [nativejmi.dll+0x391a]
C  [nativejmi.dll+0x7cad]
C  [nativejmi.dll+0x7d73]
j  com.mathworks.jmi.NativeMatlab.SendMatlabMessage(Ljava/lang/Object;)Ljava/lang/Object;+0
j  com.mathworks.jmi.NativeMatlab.sendMatlabMessage(Ljava/lang/Object;)Ljava/lang/Object;+22
j  com.mathworks.jmi.MatlabLooper.sendMatlabMessage(Lcom/mathworks/services/message/MWMessage;)Ljava/lang/Object;+20
j  com.mathworks.jmi.Matlab.mtFevalConsoleOutput(Ljava/lang/String;[Ljava/lang/Object;I)Ljava/lang/Object;+58
j  com.mathworks.mde.desk.MLDesktop$9.run()V+14
j  com.mathworks.jmi.NativeMatlab.dispatchMTRequests(Z)V+50
v  ~StubRoutines::call_stub

Java frames: (J=compiled Java code, j=interpreted, Vv=VM code)
j  com.mathworks.jmi.NativeMatlab.SendMatlabMessage(Ljava/lang/Object;)Ljava/lang/Object;+0
j  com.mathworks.jmi.NativeMatlab.sendMatlabMessage(Ljava/lang/Object;)Ljava/lang/Object;+22
j  com.mathworks.jmi.MatlabLooper.sendMatlabMessage(Lcom/mathworks/services/message/MWMessage;)Ljava/lang/Object;+20
j  com.mathworks.jmi.Matlab.mtFevalConsoleOutput(Ljava/lang/String;[Ljava/lang/Object;I)Ljava/lang/Object;+58
j  com.mathworks.mde.desk.MLDesktop$9.run()V+14
j  com.mathworks.jmi.NativeMatlab.dispatchMTRequests(Z)V+50
v  ~StubRoutines::call_stub

---------------  P R O C E S S  ---------------

Java Threads: ( => current thread )
  0x17b3bc00 JavaThread "pool-2-thread-1" [_thread_blocked, id=4244, stack(0x1b3f0000,0x1b470000)]
  0x17b42c00 JavaThread "Thread-187" [_thread_in_native, id=5492, stack(0x36aa0000,0x372a0000)]
  0x17b41000 JavaThread "Prefs Updater" daemon [_thread_blocked, id=3800, stack(0x19550000,0x195d0000)]
  0x17b40800 JavaThread "Thread-58" [_thread_blocked, id=1200, stack(0x1d410000,0x1d490000)]
  0x17b40400 JavaThread "Thread-57" [_thread_blocked, id=6016, stack(0x18660000,0x186e0000)]
  0x17b3fc00 JavaThread "Thread-56" [_thread_blocked, id=3076, stack(0x1d390000,0x1d410000)]
  0x17b3f800 JavaThread "Thread-55" [_thread_blocked, id=4708, stack(0x1d110000,0x1d190000)]
  0x17b3f000 JavaThread "Thread-54" [_thread_blocked, id=3704, stack(0x1d090000,0x1d110000)]
  0x17b3ec00 JavaThread "Thread-53" [_thread_blocked, id=3788, stack(0x1d010000,0x1d090000)]
  0x17b3e800 JavaThread "Thread-52" [_thread_blocked, id=5136, stack(0x1b7c0000,0x1b840000)]
  0x17b3e000 JavaThread "Active Reference Queue Daemon" daemon [_thread_blocked, id=740, stack(0x1b240000,0x1b2c0000)]
  0x17b3dc00 JavaThread "Timer-46" daemon [_thread_blocked, id=5640, stack(0x1b1c0000,0x1b240000)]
  0x17b3d400 JavaThread "FelixPackageAdmin" daemon [_thread_blocked, id=1544, stack(0x1a040000,0x1a0c0000)]
  0x17b3d000 JavaThread "FelixStartLevel" daemon [_thread_blocked, id=3880, stack(0x19fc0000,0x1a040000)]
  0x17b3c800 JavaThread "FelixDispatchQueue" [_thread_blocked, id=5836, stack(0x19f40000,0x19fc0000)]
  0x17b3c400 JavaThread "Timer-45" daemon [_thread_blocked, id=3168, stack(0x195d0000,0x19650000)]
  0x17bc5800 JavaThread "Timer-1" [_thread_blocked, id=1264, stack(0x189f0000,0x18a70000)]
  0x179c8800 JavaThread "TimerQueue" daemon [_thread_blocked, id=2696, stack(0x18800000,0x18880000)]
  0x17983000 JavaThread "AWT-EventQueue-0" [_thread_blocked, id=6088, stack(0x18730000,0x187b0000)]
  0x1768e800 JavaThread "AWT-Shutdown" [_thread_blocked, id=4640, stack(0x18080000,0x18100000)]
  0x177cc000 JavaThread "AWT-Windows" daemon [_thread_in_native, id=2372, stack(0x18000000,0x18080000)]
  0x17793800 JavaThread "Java2D Disposer" daemon [_thread_blocked, id=5428, stack(0x17f00000,0x17f80000)]
  0x17045400 JavaThread "Timer-0" [_thread_blocked, id=3708, stack(0x171c0000,0x17240000)]
  0x16fd6c00 JavaThread "JMI Unnamed Thread" [_thread_in_native, id=2412, stack(0x03900000,0x04100000)]
  0x075fe800 JavaThread "Low Memory Detector" daemon [_thread_blocked, id=5312, stack(0x16740000,0x167c0000)]
  0x075fa400 JavaThread "CompilerThread0" daemon [_thread_blocked, id=1536, stack(0x15f40000,0x16740000)]
  0x075ef800 JavaThread "Attach Listener" daemon [_thread_blocked, id=4700, stack(0x15ec0000,0x15f40000)]
  0x075d8c00 JavaThread "Finalizer" daemon [_thread_blocked, id=2672, stack(0x15e40000,0x15ec0000)]
  0x075d4400 JavaThread "Reference Handler" daemon [_thread_blocked, id=4404, stack(0x06610000,0x06690000)]
=>0x07551400 JavaThread "main" [_thread_in_native, id=4588, stack(0x00440000,0x00c40000)]

Other Threads:
  0x075cf800 VMThread [stack: 0x15640000,0x15e40000] [id=5664]
  0x07607400 WatcherThread [stack: 0x167c0000,0x16fc0000] [id=4752]

VM state:not at safepoint (normal execution)

VM Mutex/Monitor currently owned by a thread: None

Heap
 def new generation   total 29504K, used 18533K [0x09640000, 0x0b640000, 0x0b640000)
  eden space 26240K,  64% used [0x09640000, 0x0a6d9f40, 0x0afe0000)
  from space 3264K,  46% used [0x0afe0000, 0x0b15f708, 0x0b310000)
  to   space 3264K,   0% used [0x0b310000, 0x0b310000, 0x0b640000)
 tenured generation   total 98304K, used 83206K [0x0b640000, 0x11640000, 0x11640000)
   the space 98304K,  84% used [0x0b640000, 0x10781850, 0x10781a00, 0x11640000)
 compacting perm gen  total 39424K, used 39380K [0x11640000, 0x13cc0000, 0x15640000)
   the space 39424K,  99% used [0x11640000, 0x13cb5000, 0x13cb5000, 0x13cc0000)
No shared spaces configured.

Dynamic libraries:
0x00400000 - 0x00433000 	C:\Program Files\MATLAB\R2009b\bin\win32\MATLAB.exe
0x773d0000 - 0x7750c000 	C:\Windows\SYSTEM32\ntdll.dll
0x76ef0000 - 0x76fc4000 	C:\Windows\system32\kernel32.dll
0x75660000 - 0x756aa000 	C:\Windows\system32\KERNELBASE.dll
0x7bae0000 - 0x7bb89000 	C:\Program Files\MATLAB\R2009b\bin\win32\libut.dll
0x771d0000 - 0x771fa000 	C:\Windows\system32\imagehlp.dll
0x75dd0000 - 0x75e7c000 	C:\Windows\system32\msvcrt.dll
0x76fe0000 - 0x76fe5000 	C:\Windows\system32\PSAPI.DLL
0x7c1c0000 - 0x7c1df000 	C:\Program Files\MATLAB\R2009b\bin\win32\LIBEXPAT.dll
0x71aa0000 - 0x71b3b000 	C:\Windows\WinSxS\x86_microsoft.vc80.crt_1fc8b3b9a1e18e3b_8.0.50727.4927_none_d08a205e442db5b5\MSVCR80.dll
0x7bf40000 - 0x7c028000 	C:\Program Files\MATLAB\R2009b\bin\win32\icuuc40.dll
0x75e80000 - 0x75f20000 	C:\Windows\system32\ADVAPI32.dll
0x76cd0000 - 0x76ce9000 	C:\Windows\SYSTEM32\sechost.dll
0x76c20000 - 0x76cc1000 	C:\Windows\system32\RPCRT4.dll
0x7b5e0000 - 0x7b5e4000 	C:\Program Files\MATLAB\R2009b\bin\win32\icudt40.dll
0x7b5f0000 - 0x7b5fc000 	C:\Program Files\MATLAB\R2009b\bin\win32\icuio40.dll
0x7b830000 - 0x7b928000 	C:\Program Files\MATLAB\R2009b\bin\win32\icuin40.dll
0x71a10000 - 0x71a97000 	C:\Windows\WinSxS\x86_microsoft.vc80.crt_1fc8b3b9a1e18e3b_8.0.50727.4927_none_d08a205e442db5b5\MSVCP80.dll
0x77090000 - 0x77159000 	C:\Windows\system32\USER32.dll
0x76e60000 - 0x76eae000 	C:\Windows\system32\GDI32.dll
0x76e50000 - 0x76e5a000 	C:\Windows\system32\LPK.dll
0x76ff0000 - 0x7708d000 	C:\Windows\system32\USP10.dll
0x786f0000 - 0x78728000 	C:\Program Files\MATLAB\R2009b\bin\win32\libmwfl.dll
0x7d390000 - 0x7d39e000 	C:\Program Files\MATLAB\R2009b\bin\win32\boost_date_time-vc80-mt-1_36.dll
0x7d280000 - 0x7d290000 	C:\Program Files\MATLAB\R2009b\bin\win32\boost_signals-vc80-mt-1_36.dll
0x7c710000 - 0x7c717000 	C:\Program Files\MATLAB\R2009b\bin\win32\boost_system-vc80-mt-1_36.dll
0x7b5d0000 - 0x7b5dc000 	C:\Program Files\MATLAB\R2009b\bin\win32\boost_thread-vc80-mt-1_36.dll
0x7bc10000 - 0x7be19000 	C:\Program Files\MATLAB\R2009b\bin\win32\libmwservices.dll
0x7bb90000 - 0x7bc0b000 	C:\Program Files\MATLAB\R2009b\bin\win32\libmx.dll
0x78bc0000 - 0x78bd3000 	C:\Program Files\MATLAB\R2009b\bin\win32\zlib1.dll
0x7be20000 - 0x7bf34000 	C:\Program Files\MATLAB\R2009b\bin\win32\libmwmathutil.dll
0x79cf0000 - 0x79d25000 	C:\Program Files\MATLAB\R2009b\bin\win32\mpath.dll
0x7c2c0000 - 0x7c2f0000 	C:\Program Files\MATLAB\R2009b\bin\win32\mlutil.dll
0x786a0000 - 0x786ce000 	C:\Program Files\MATLAB\R2009b\bin\win32\tbb.dll
0x755a0000 - 0x75624000 	C:\Windows\WinSxS\x86_microsoft.windows.common-controls_6595b64144ccf1df_5.82.7600.16385_none_ebf82fc36c758ad5\COMCTL32.dll
0x77200000 - 0x7727b000 	C:\Windows\system32\comdlg32.dll
0x77170000 - 0x771c7000 	C:\Windows\system32\SHLWAPI.dll
0x75fd0000 - 0x76c19000 	C:\Windows\system32\SHELL32.dll
0x74d50000 - 0x74d61000 	C:\Windows\system32\NETAPI32.dll
0x74ca0000 - 0x74ca9000 	C:\Windows\system32\netutils.dll
0x75100000 - 0x75119000 	C:\Windows\system32\srvcli.dll
0x74c90000 - 0x74c9f000 	C:\Windows\system32\wkscli.dll
0x76eb0000 - 0x76ee5000 	C:\Windows\system32\WS2_32.dll
0x77160000 - 0x77166000 	C:\Windows\system32\NSI.dll
0x7d560000 - 0x7d576000 	C:\Program Files\MATLAB\R2009b\bin\win32\boost_filesystem-vc80-mt-1_36.dll
0x7a270000 - 0x7a2d0000 	C:\Program Files\MATLAB\R2009b\bin\win32\mcr.dll
0x7b600000 - 0x7b64f000 	C:\Program Files\MATLAB\R2009b\bin\win32\iqm.dll
0x7a850000 - 0x7ad3b000 	C:\Program Files\MATLAB\R2009b\bin\win32\m_interpreter.dll
0x7b660000 - 0x7b66c000 	C:\Program Files\MATLAB\R2009b\bin\win32\libmex.dll
0x7a140000 - 0x7a1a4000 	C:\Program Files\MATLAB\R2009b\bin\win32\m_dispatcher.dll
0x7d1e0000 - 0x7d23e000 	C:\Program Files\MATLAB\R2009b\bin\win32\xmlcore.dll
0x79600000 - 0x797c2000 	C:\Program Files\MATLAB\R2009b\bin\win32\xerces-c_2_7.dll
0x7d4b0000 - 0x7d54d000 	C:\Program Files\MATLAB\R2009b\bin\win32\boost_regex-vc80-mt-1_36.dll
0x7a050000 - 0x7a0a7000 	C:\Program Files\MATLAB\R2009b\bin\win32\profiler.dll
0x7b6c0000 - 0x7b6de000 	C:\Program Files\MATLAB\R2009b\bin\win32\libmwmathrng.dll
0x78b40000 - 0x78b52000 	C:\Program Files\MATLAB\R2009b\bin\win32\m_pcodeio.dll
0x79cb0000 - 0x79ce7000 	C:\Program Files\MATLAB\R2009b\bin\win32\m_ir.dll
0x7a350000 - 0x7a843000 	C:\Program Files\MATLAB\R2009b\bin\win32\m_parser.dll
0x7b650000 - 0x7b65e000 	C:\Program Files\MATLAB\R2009b\bin\win32\ir_xfmr.dll
0x78730000 - 0x78891000 	C:\Program Files\MATLAB\R2009b\bin\win32\mcos.dll
0x7b6f0000 - 0x7b6fa000 	C:\Program Files\MATLAB\R2009b\bin\win32\mtok.dll
0x78b20000 - 0x78b36000 	C:\Program Files\MATLAB\R2009b\bin\win32\m_pcodegen.dll
0x78a90000 - 0x78aac000 	C:\Program Files\MATLAB\R2009b\bin\win32\bridge.dll
0x7b2c0000 - 0x7b344000 	C:\Program Files\MATLAB\R2009b\bin\win32\udd.dll
0x7c030000 - 0x7c128000 	C:\Program Files\MATLAB\R2009b\bin\win32\libmwgui.dll
0x78c20000 - 0x79034000 	C:\Program Files\MATLAB\R2009b\bin\win32\hg.dll
0x78ab0000 - 0x78ad7000 	C:\Program Files\MATLAB\R2009b\bin\win32\libmat.dll
0x7b930000 - 0x7bad5000 	C:\Program Files\MATLAB\R2009b\bin\win32\libhdf5.dll
0x79c20000 - 0x79c61000 	C:\Program Files\MATLAB\R2009b\bin\win32\jmi.dll
0x79920000 - 0x7994c000 	C:\Program Files\MATLAB\R2009b\bin\win32\libmwhardcopy.dll
0x79c70000 - 0x79ca9000 	C:\Program Files\MATLAB\R2009b\bin\win32\libuij.dll
0x785d0000 - 0x7869f000 	C:\Program Files\MATLAB\R2009b\bin\win32\hgdatatypes.dll
0x785a0000 - 0x785d0000 	C:\Program Files\MATLAB\R2009b\bin\win32\hgutils.dll
0x78ae0000 - 0x78b11000 	C:\Program Files\MATLAB\R2009b\bin\win32\libmwlapack.dll
0x7b680000 - 0x7b68e000 	C:\Program Files\MATLAB\R2009b\bin\win32\libmwbinder.dll
0x7b350000 - 0x7b5c4000 	C:\Program Files\MATLAB\R2009b\bin\win32\uiw.dll
0x7b730000 - 0x7b739000 	C:\Program Files\MATLAB\R2009b\bin\win32\uinone.dll
0x63e30000 - 0x63f40000 	C:\Windows\WinSxS\x86_microsoft.vc80.mfc_1fc8b3b9a1e18e3b_8.0.50727.4053_none_cbf21254470d8752\MFC80.DLL
0x6e750000 - 0x6e7a1000 	C:\Windows\system32\WINSPOOL.DRV
0x76cf0000 - 0x76e4c000 	C:\Windows\system32\ole32.dll
0x77510000 - 0x7759f000 	C:\Windows\system32\OLEAUT32.dll
0x7a2d0000 - 0x7a346000 	C:\Program Files\MATLAB\R2009b\bin\win32\udd_mi.dll
0x78b60000 - 0x78b73000 	C:\Program Files\MATLAB\R2009b\bin\win32\mwoles05.DLL
0x7a000000 - 0x7a045000 	C:\Program Files\MATLAB\R2009b\bin\win32\comcli.dll
0x73520000 - 0x7353b000 	C:\Windows\WinSxS\x86_microsoft.vc80.atl_1fc8b3b9a1e18e3b_8.0.50727.4053_none_d1c738ec43578ea1\ATL80.DLL
0x7b6e0000 - 0x7b6eb000 	C:\Program Files\MATLAB\R2009b\bin\win32\mlautoregister.dll
0x75fb0000 - 0x75fcf000 	C:\Windows\system32\IMM32.DLL
0x75d00000 - 0x75dcc000 	C:\Windows\system32\MSCTF.dll
0x734d0000 - 0x734de000 	C:\Windows\WinSxS\x86_microsoft.vc80.mfcloc_1fc8b3b9a1e18e3b_8.0.50727.4053_none_03ca5532205cb096\MFC80ENU.DLL
0x741a0000 - 0x741e0000 	C:\Windows\system32\uxtheme.dll
0x75520000 - 0x7552b000 	C:\Windows\system32\profapi.dll
0x72c30000 - 0x72c4c000 	C:\Windows\system32\iphlpapi.dll
0x72c10000 - 0x72c17000 	C:\Windows\system32\WINNSI.DLL
0x74e50000 - 0x74e94000 	C:\Windows\system32\DNSAPI.dll
0x72a60000 - 0x72a72000 	C:\Windows\system32\dhcpcsvc.DLL
0x72980000 - 0x7298d000 	C:\Windows\system32\dhcpcsvc6.DLL
0x73c90000 - 0x73c93000 	C:\Windows\system32\icmp.Dll
0x754a0000 - 0x754ac000 	C:\Windows\system32\CRYPTBASE.dll
0x73eb0000 - 0x73ec3000 	C:\Windows\system32\dwmapi.dll
0x799c0000 - 0x79c16000 	C:\Program Files\MATLAB\R2009b\sys\java\jre\win32\jre\bin\client\jvm.dll
0x73a60000 - 0x73a92000 	C:\Windows\system32\WINMM.dll
0x7c1e0000 - 0x7c236000 	C:\Program Files\MATLAB\R2009b\bin\win32\MSVCR71.dll
0x75450000 - 0x7549b000 	C:\Windows\system32\apphelp.dll
0x731d0000 - 0x732bb000 	C:\Windows\system32\dbghelp.dll
0x7a100000 - 0x7a108000 	C:\Program Files\MATLAB\R2009b\sys\java\jre\win32\jre\bin\hpi.dll
0x7a120000 - 0x7a12c000 	C:\Program Files\MATLAB\R2009b\sys\java\jre\win32\jre\bin\verify.dll
0x78be0000 - 0x78bff000 	C:\Program Files\MATLAB\R2009b\sys\java\jre\win32\jre\bin\java.dll
0x7a130000 - 0x7a13f000 	C:\Program Files\MATLAB\R2009b\sys\java\jre\win32\jre\bin\zip.dll
0x78b80000 - 0x78b98000 	C:\Program Files\MATLAB\R2009b\bin\win32\nativejava.dll
0x78ba0000 - 0x78bbf000 	C:\Program Files\MATLAB\R2009b\bin\win32\nativejmi.dll
0x7b720000 - 0x7b726000 	C:\Program Files\MATLAB\R2009b\bin\win32\nativeservices.dll
0x797d0000 - 0x7991a000 	C:\Program Files\MATLAB\R2009b\sys\java\jre\win32\jre\bin\awt.dll
0x7a1b0000 - 0x7a204000 	C:\Program Files\MATLAB\R2009b\sys\java\jre\win32\jre\bin\fontmanager.dll
0x78c00000 - 0x78c13000 	C:\Program Files\MATLAB\R2009b\sys\java\jre\win32\jre\bin\net.dll
0x74f90000 - 0x74fcc000 	C:\Windows\system32\mswsock.dll
0x74f80000 - 0x74f86000 	C:\Windows\System32\wship6.dll
0x7a110000 - 0x7a119000 	C:\Program Files\MATLAB\R2009b\sys\java\jre\win32\jre\bin\nio.dll
0x74fd0000 - 0x74fe6000 	C:\Windows\system32\CRYPTSP.dll
0x74d70000 - 0x74dab000 	C:\Windows\system32\rsaenh.dll
0x74af0000 - 0x74b07000 	C:\Windows\system32\USERENV.dll
0x73a00000 - 0x73a10000 	C:\Windows\system32\NLAapi.dll
0x70140000 - 0x70148000 	C:\Windows\System32\winrnr.dll
0x70130000 - 0x70140000 	C:\Windows\system32\napinsp.dll
0x70110000 - 0x70122000 	C:\Windows\system32\pnrpnsp.dll
0x70100000 - 0x7010d000 	C:\Windows\system32\wshbth.dll
0x709c0000 - 0x709e4000 	C:\Program Files\Common Files\Microsoft Shared\Windows Live\WLIDNSP.DLL
0x74a20000 - 0x74a25000 	C:\Windows\System32\wshtcpip.dll
0x70ce0000 - 0x70ce6000 	C:\Windows\system32\rasadhlp.dll

VM Arguments:
jvm_args: -Xss512k -XX:PermSize=32m -Xms64m -XX:NewRatio=3 -XX:MaxPermSize=64m -Xmx128m -XX:MaxDirectMemorySize=1200000000 -Dsun.java2d.noddraw=true -Dsun.awt.nopixfmt=true -Xshare:off -Xrs -Djava.library.path=C:\Program Files\MATLAB\R2009b\bin\win32 vfprintf abort 
java_command: <unknown>
Launcher Type: generic

Environment Variables:
CLASSPATH=.;C:\Program Files\Java\jre6\lib\ext\QTJava.zip
PATH=C:\Program Files\MATLAB\R2009b\sys\java\jre\win32\jre\bin;C:\Program Files\MATLAB\R2009b\sys\webrenderer\windows\corecomponents;C:\Program Files\MATLAB\R2009b\sys\webrenderer\windows;C:\Program Files\Common Files\Microsoft Shared\Windows Live;C:\Program Files\MiKTeX 2.8\miktex\bin;C:\Windows\system32;C:\Windows;C:\Windows\System32\Wbem;C:\Windows\System32\WindowsPowerShell\v1.0\;C:\Program Files\MATLAB\R2009b\runtime\win32;C:\Program Files\MATLAB\R2009b\bin;C:\Program Files\MiKTeX 2.5\miktex\bin\;C:\Program Files\MiKTeX 2.5\gs\gs8.53\bin\;C:\OpenCV2.0\bin;C:\Program Files\Microsoft SQL Server\90\Tools\binn\;C:\Program Files\Subversion\bin;C:\Program Files\TortoiseSVN\bin;C:\Program Files\QuickTime\QTSystem\;C:\Program Files\Common Files\Microsoft Shared\Windows Live;C:\Program Files\CVSNT\
USERNAME=Agustin
OS=Windows_NT
PROCESSOR_IDENTIFIER=x86 Family 6 Model 15 Stepping 13, GenuineIntel



---------------  S Y S T E M  ---------------

OS: Windows NT 6.1 Build 7600 

CPU:total 2 (2 cores per cpu, 1 threads per core) family 6 model 15 stepping 13, cmov, cx8, fxsr, mmx, sse, sse2, sse3, ssse3

Memory: 4k page, physical 2095544k(565656k free), swap 4191088k(1822956k free)

vm_info: Java HotSpot(TM) Client VM (11.2-b01) for windows-x86 JRE (1.6.0_12-b04), built on Jan 17 2009 09:57:14 by "java_re" with MS VC++ 7.1

time: Fri May 14 18:06:03 2010
elapsed time: 9334 seconds

